This file contains any messages produced by compilers while
running configure, to aid debugging if configure makes a mistake.

It was created by PAPI configure 5.4.1.0, which was
generated by GNU Autoconf 2.59.  Invocation command line was

  $ ./configure 

## --------- ##
## Platform. ##
## --------- ##

hostname = Yings-MacBook-Pro-3.local
uname -m = x86_64
uname -r = 15.0.0
uname -s = Darwin
uname -v = Darwin Kernel Version 15.0.0: Sat Sep 19 15:53:46 PDT 2015; root:xnu-3247.10.11~1/RELEASE_X86_64

/usr/bin/uname -p = i386
/bin/uname -X     = unknown

/bin/arch              = unknown
/usr/bin/arch -k       = unknown
/usr/convex/getsysinfo = unknown
hostinfo               = Mach kernel version:
	 Darwin Kernel Version 15.0.0: Sat Sep 19 15:53:46 PDT 2015; root:xnu-3247.10.11~1/RELEASE_X86_64
Kernel configured for up to 8 processors.
4 processors are physically available.
8 processors are logically available.
Processor type: i486 (Intel 80486)
Processors active: 0 1 2 3 4 5 6 7
Primary memory available: 8.00 gigabytes
Default processor set: 277 tasks, 1617 threads, 8 processors
Load average: 1.30, Mach factor: 6.69
/bin/machine           = unknown
/usr/bin/oslevel       = unknown
/bin/universe          = unknown

PATH: /Library/Frameworks/Python.framework/Versions/2.7/bin
PATH: /usr/local/bin
PATH: /usr/local/bin
PATH: /usr/bin
PATH: /bin
PATH: /usr/sbin
PATH: /sbin
PATH: /opt/X11/bin
PATH: /usr/local/go/bin
PATH: /Users/yingwang/go/bin


## ----------- ##
## Core tests. ##
## ----------- ##

configure:1363: checking for architecture
configure:1373: result: x86_64
configure:1383: checking for OS
configure:1396: result: darwin
configure:1399: checking for OS version
configure:1411: result: 15.0.0
configure:1414: checking for user events
configure:1417: checking for static user events build
configure:1425: result: 
configure:1428: checking for perf_event workaround level
configure:1439: result: autodetect
configure:1442: checking for if MIC should be used
configure:1459: result: no
configure:1522: checking for xlc
configure:1551: result: no
configure:1522: checking for icc
configure:1551: result: no
configure:1522: checking for gcc
configure:1538: found /usr/bin/gcc
configure:1548: result: gcc
configure:1569: checking for C compiler version
configure:1572: gcc --version </dev/null >&5
Configured with: --prefix=/Applications/Xcode.app/Contents/Developer/usr --with-gxx-include-dir=/Applications/Xcode.app/Contents/Developer/Platforms/MacOSX.platform/Developer/SDKs/MacOSX10.11.sdk/usr/include/c++/4.2.1
Apple LLVM version 7.0.0 (clang-700.1.76)
Target: x86_64-apple-darwin15.0.0
Thread model: posix
configure:1575: $? = 0
configure:1577: gcc -v </dev/null >&5
Configured with: --prefix=/Applications/Xcode.app/Contents/Developer/usr --with-gxx-include-dir=/Applications/Xcode.app/Contents/Developer/Platforms/MacOSX.platform/Developer/SDKs/MacOSX10.11.sdk/usr/include/c++/4.2.1
Apple LLVM version 7.0.0 (clang-700.1.76)
Target: x86_64-apple-darwin15.0.0
Thread model: posix
configure:1580: $? = 0
configure:1582: gcc -V </dev/null >&5
clang: error: argument to '-V' is missing (expected 1 value)
clang: error: no input files
configure:1585: $? = 1
configure:1608: checking for C compiler default output file name
configure:1611: gcc  -g   conftest.c  >&5
configure:1614: $? = 0
configure:1660: result: a.out
configure:1665: checking whether the C compiler works
configure:1671: ./a.out
configure:1674: $? = 0
configure:1691: result: yes
configure:1698: checking whether we are cross compiling
configure:1700: result: no
configure:1703: checking for suffix of executables
configure:1705: gcc -o conftest  -g   conftest.c  >&5
configure:1708: $? = 0
configure:1733: result: 
configure:1739: checking for suffix of object files
configure:1760: gcc -c  -g  conftest.c >&5
configure:1763: $? = 0
configure:1785: result: o
configure:1789: checking whether we are using the GNU C compiler
configure:1813: gcc -c  -g  conftest.c >&5
configure:1819: $? = 0
configure:1823: test -z 
			 || test ! -s conftest.err
configure:1826: $? = 0
configure:1829: test -s conftest.o
configure:1832: $? = 0
configure:1845: result: yes
configure:1851: checking whether gcc accepts -g
configure:1872: gcc -c -g  conftest.c >&5
configure:1878: $? = 0
configure:1882: test -z 
			 || test ! -s conftest.err
configure:1885: $? = 0
configure:1888: test -s conftest.o
configure:1891: $? = 0
configure:1902: result: yes
configure:1919: checking for gcc option to accept ANSI C
configure:1989: gcc  -c  -g  conftest.c >&5
configure:1995: $? = 0
configure:1999: test -z 
			 || test ! -s conftest.err
configure:2002: $? = 0
configure:2005: test -s conftest.o
configure:2008: $? = 0
configure:2026: result: none needed
configure:2044: gcc -c  -g  conftest.c >&5
conftest.c:2:3: error: unknown type name 'choke'
  choke me
  ^
conftest.c:2:11: error: expected ';' after top level declarator
  choke me
          ^
          ;
2 errors generated.
configure:2050: $? = 1
configure: failed program was:
| #ifndef __cplusplus
|   choke me
| #endif
configure:2234: checking for xlf
configure:2263: result: no
configure:2234: checking for ifort
configure:2263: result: no
configure:2234: checking for gfortran
configure:2250: found /usr/local/bin/gfortran
configure:2260: result: gfortran
configure:2275: checking for Fortran 77 compiler version
configure:2278: gfortran --version </dev/null >&5
GNU Fortran (Homebrew gcc 5.2.0) 5.2.0
Copyright (C) 2015 Free Software Foundation, Inc.

GNU Fortran comes with NO WARRANTY, to the extent permitted by law.
You may redistribute copies of GNU Fortran
under the terms of the GNU General Public License.
For more information about these matters, see the file named COPYING

configure:2281: $? = 0
configure:2283: gfortran -v </dev/null >&5
Using built-in specs.
COLLECT_GCC=gfortran
COLLECT_LTO_WRAPPER=/usr/local/Cellar/gcc/5.2.0/libexec/gcc/x86_64-apple-darwin14.5.0/5.2.0/lto-wrapper
Target: x86_64-apple-darwin14.5.0
Configured with: ../configure --build=x86_64-apple-darwin14.5.0 --prefix=/usr/local/Cellar/gcc/5.2.0 --libdir=/usr/local/Cellar/gcc/5.2.0/lib/gcc/5 --enable-languages=c,c++,objc,obj-c++,fortran --program-suffix=-5 --with-gmp=/usr/local/opt/gmp --with-mpfr=/usr/local/opt/mpfr --with-mpc=/usr/local/opt/libmpc --with-isl=/usr/local/opt/isl --with-system-zlib --enable-libstdcxx-time=yes --enable-stage1-checking --enable-checking=release --enable-lto --with-build-config=bootstrap-debug --disable-werror --with-pkgversion='Homebrew gcc 5.2.0' --with-bugurl=https://github.com/Homebrew/homebrew/issues --enable-plugin --disable-nls --enable-multilib
Thread model: posix
gcc version 5.2.0 (Homebrew gcc 5.2.0) 
configure:2286: $? = 0
configure:2288: gfortran -V </dev/null >&5
gfortran: error: unrecognized command line option '-V'
gfortran: fatal error: no input files
compilation terminated.
configure:2291: $? = 1
configure:2299: checking whether we are using the GNU Fortran 77 compiler
configure:2313: gfortran -c  conftest.F >&5
configure:2319: $? = 0
configure:2323: test -z 
			 || test ! -s conftest.err
configure:2326: $? = 0
configure:2329: test -s conftest.o
configure:2332: $? = 0
configure:2345: result: yes
configure:2351: checking whether gfortran accepts -g
configure:2363: gfortran -c -g conftest.f >&5
configure:2369: $? = 0
configure:2373: test -z 
			 || test ! -s conftest.err
configure:2376: $? = 0
configure:2379: test -s conftest.o
configure:2382: $? = 0
configure:2394: result: yes
configure:2424: checking for mpicc
configure:2453: result: no
configure:2488: checking for gawk
configure:2517: result: no
configure:2488: checking for mawk
configure:2517: result: no
configure:2488: checking for nawk
configure:2517: result: no
configure:2488: checking for awk
configure:2504: found /usr/bin/awk
configure:2514: result: awk
configure:2529: checking how to run the C preprocessor
configure:2564: gcc -E  conftest.c
configure:2570: $? = 0
configure:2602: gcc -E  conftest.c
conftest.c:9:10: fatal error: 'ac_nonexistent.h' file not found
#include <ac_nonexistent.h>
         ^
1 error generated.
configure:2608: $? = 1
configure: failed program was:
| /* confdefs.h.  */
| 
| #define PACKAGE_NAME "PAPI"
| #define PACKAGE_TARNAME "papi"
| #define PACKAGE_VERSION "5.4.1.0"
| #define PACKAGE_STRING "PAPI 5.4.1.0"
| #define PACKAGE_BUGREPORT "ptools-perfapi@eecs.utk.edu"
| /* end confdefs.h.  */
| #include <ac_nonexistent.h>
configure:2647: result: gcc -E
configure:2671: gcc -E  conftest.c
configure:2677: $? = 0
configure:2709: gcc -E  conftest.c
conftest.c:9:10: fatal error: 'ac_nonexistent.h' file not found
#include <ac_nonexistent.h>
         ^
1 error generated.
configure:2715: $? = 1
configure: failed program was:
| /* confdefs.h.  */
| 
| #define PACKAGE_NAME "PAPI"
| #define PACKAGE_TARNAME "papi"
| #define PACKAGE_VERSION "5.4.1.0"
| #define PACKAGE_STRING "PAPI 5.4.1.0"
| #define PACKAGE_BUGREPORT "ptools-perfapi@eecs.utk.edu"
| /* end confdefs.h.  */
| #include <ac_nonexistent.h>
configure:2758: checking whether ln -s works
configure:2762: result: yes
configure:2769: checking whether make sets $(MAKE)
configure:2789: result: yes
configure:2839: checking for ranlib
configure:2855: found /usr/bin/ranlib
configure:2866: result: ranlib
configure:2886: checking for egrep
configure:2896: result: grep -E
configure:2901: checking for ANSI C header files
configure:2926: gcc -c  -g  conftest.c >&5
configure:2932: $? = 0
configure:2936: test -z 
			 || test ! -s conftest.err
configure:2939: $? = 0
configure:2942: test -s conftest.o
configure:2945: $? = 0
configure:3034: gcc -o conftest  -g   conftest.c  >&5
conftest.c:27:7: warning: implicitly declaring library function 'exit' with type 'void (int) __attribute__((noreturn))'
      exit(2);
      ^
conftest.c:27:7: note: include the header <stdlib.h> or explicitly provide a declaration for 'exit'
1 warning generated.
configure:3037: $? = 0
configure:3039: ./conftest
configure:3042: $? = 0
configure:3057: result: yes
configure:3067: checking for inline
configure:3088: gcc -c  -g  conftest.c >&5
configure:3094: $? = 0
configure:3098: test -z 
			 || test ! -s conftest.err
configure:3101: $? = 0
configure:3104: test -s conftest.o
configure:3107: $? = 0
configure:3119: result: inline
configure:3138: checking whether time.h and sys/time.h may both be included
configure:3163: gcc -c  -g  conftest.c >&5
configure:3169: $? = 0
configure:3173: test -z 
			 || test ! -s conftest.err
configure:3176: $? = 0
configure:3179: test -s conftest.o
configure:3182: $? = 0
configure:3193: result: yes
configure:3217: checking for sys/types.h
configure:3233: gcc -c  -g  conftest.c >&5
configure:3239: $? = 0
configure:3243: test -z 
			 || test ! -s conftest.err
configure:3246: $? = 0
configure:3249: test -s conftest.o
configure:3252: $? = 0
configure:3263: result: yes
configure:3217: checking for sys/stat.h
configure:3233: gcc -c  -g  conftest.c >&5
configure:3239: $? = 0
configure:3243: test -z 
			 || test ! -s conftest.err
configure:3246: $? = 0
configure:3249: test -s conftest.o
configure:3252: $? = 0
configure:3263: result: yes
configure:3217: checking for stdlib.h
configure:3233: gcc -c  -g  conftest.c >&5
configure:3239: $? = 0
configure:3243: test -z 
			 || test ! -s conftest.err
configure:3246: $? = 0
configure:3249: test -s conftest.o
configure:3252: $? = 0
configure:3263: result: yes
configure:3217: checking for string.h
configure:3233: gcc -c  -g  conftest.c >&5
configure:3239: $? = 0
configure:3243: test -z 
			 || test ! -s conftest.err
configure:3246: $? = 0
configure:3249: test -s conftest.o
configure:3252: $? = 0
configure:3263: result: yes
configure:3217: checking for memory.h
configure:3233: gcc -c  -g  conftest.c >&5
configure:3239: $? = 0
configure:3243: test -z 
			 || test ! -s conftest.err
configure:3246: $? = 0
configure:3249: test -s conftest.o
configure:3252: $? = 0
configure:3263: result: yes
configure:3217: checking for strings.h
configure:3233: gcc -c  -g  conftest.c >&5
configure:3239: $? = 0
configure:3243: test -z 
			 || test ! -s conftest.err
configure:3246: $? = 0
configure:3249: test -s conftest.o
configure:3252: $? = 0
configure:3263: result: yes
configure:3217: checking for inttypes.h
configure:3233: gcc -c  -g  conftest.c >&5
configure:3239: $? = 0
configure:3243: test -z 
			 || test ! -s conftest.err
configure:3246: $? = 0
configure:3249: test -s conftest.o
configure:3252: $? = 0
configure:3263: result: yes
configure:3217: checking for stdint.h
configure:3233: gcc -c  -g  conftest.c >&5
configure:3239: $? = 0
configure:3243: test -z 
			 || test ! -s conftest.err
configure:3246: $? = 0
configure:3249: test -s conftest.o
configure:3252: $? = 0
configure:3263: result: yes
configure:3217: checking for unistd.h
configure:3233: gcc -c  -g  conftest.c >&5
configure:3239: $? = 0
configure:3243: test -z 
			 || test ! -s conftest.err
configure:3246: $? = 0
configure:3249: test -s conftest.o
configure:3252: $? = 0
configure:3263: result: yes
configure:3292: checking sys/time.h usability
configure:3304: gcc -c  -g  conftest.c >&5
configure:3310: $? = 0
configure:3314: test -z 
			 || test ! -s conftest.err
configure:3317: $? = 0
configure:3320: test -s conftest.o
configure:3323: $? = 0
configure:3333: result: yes
configure:3337: checking sys/time.h presence
configure:3347: gcc -E  conftest.c
configure:3353: $? = 0
configure:3373: result: yes
configure:3408: checking for sys/time.h
configure:3415: result: yes
configure:3292: checking c_asm.h usability
configure:3304: gcc -c  -g  conftest.c >&5
conftest.c:56:10: fatal error: 'c_asm.h' file not found
#include <c_asm.h>
         ^
1 error generated.
configure:3310: $? = 1
configure: failed program was:
| /* confdefs.h.  */
| 
| #define PACKAGE_NAME "PAPI"
| #define PACKAGE_TARNAME "papi"
| #define PACKAGE_VERSION "5.4.1.0"
| #define PACKAGE_STRING "PAPI 5.4.1.0"
| #define PACKAGE_BUGREPORT "ptools-perfapi@eecs.utk.edu"
| #define _GNU_SOURCE 1
| #define STDC_HEADERS 1
| #define TIME_WITH_SYS_TIME 1
| #define HAVE_SYS_TYPES_H 1
| #define HAVE_SYS_STAT_H 1
| #define HAVE_STDLIB_H 1
| #define HAVE_STRING_H 1
| #define HAVE_MEMORY_H 1
| #define HAVE_STRINGS_H 1
| #define HAVE_INTTYPES_H 1
| #define HAVE_STDINT_H 1
| #define HAVE_UNISTD_H 1
| #define HAVE_SYS_TIME_H 1
| /* end confdefs.h.  */
| #include <stdio.h>
| #if HAVE_SYS_TYPES_H
| # include <sys/types.h>
| #endif
| #if HAVE_SYS_STAT_H
| # include <sys/stat.h>
| #endif
| #if STDC_HEADERS
| # include <stdlib.h>
| # include <stddef.h>
| #else
| # if HAVE_STDLIB_H
| #  include <stdlib.h>
| # endif
| #endif
| #if HAVE_STRING_H
| # if !STDC_HEADERS && HAVE_MEMORY_H
| #  include <memory.h>
| # endif
| # include <string.h>
| #endif
| #if HAVE_STRINGS_H
| # include <strings.h>
| #endif
| #if HAVE_INTTYPES_H
| # include <inttypes.h>
| #else
| # if HAVE_STDINT_H
| #  include <stdint.h>
| # endif
| #endif
| #if HAVE_UNISTD_H
| # include <unistd.h>
| #endif
| #include <c_asm.h>
configure:3333: result: no
configure:3337: checking c_asm.h presence
configure:3347: gcc -E  conftest.c
conftest.c:22:10: fatal error: 'c_asm.h' file not found
#include <c_asm.h>
         ^
1 error generated.
configure:3353: $? = 1
configure: failed program was:
| /* confdefs.h.  */
| 
| #define PACKAGE_NAME "PAPI"
| #define PACKAGE_TARNAME "papi"
| #define PACKAGE_VERSION "5.4.1.0"
| #define PACKAGE_STRING "PAPI 5.4.1.0"
| #define PACKAGE_BUGREPORT "ptools-perfapi@eecs.utk.edu"
| #define _GNU_SOURCE 1
| #define STDC_HEADERS 1
| #define TIME_WITH_SYS_TIME 1
| #define HAVE_SYS_TYPES_H 1
| #define HAVE_SYS_STAT_H 1
| #define HAVE_STDLIB_H 1
| #define HAVE_STRING_H 1
| #define HAVE_MEMORY_H 1
| #define HAVE_STRINGS_H 1
| #define HAVE_INTTYPES_H 1
| #define HAVE_STDINT_H 1
| #define HAVE_UNISTD_H 1
| #define HAVE_SYS_TIME_H 1
| /* end confdefs.h.  */
| #include <c_asm.h>
configure:3373: result: no
configure:3408: checking for c_asm.h
configure:3415: result: no
configure:3292: checking intrinsics.h usability
configure:3304: gcc -c  -g  conftest.c >&5
conftest.c:56:10: fatal error: 'intrinsics.h' file not found
#include <intrinsics.h>
         ^
1 error generated.
configure:3310: $? = 1
configure: failed program was:
| /* confdefs.h.  */
| 
| #define PACKAGE_NAME "PAPI"
| #define PACKAGE_TARNAME "papi"
| #define PACKAGE_VERSION "5.4.1.0"
| #define PACKAGE_STRING "PAPI 5.4.1.0"
| #define PACKAGE_BUGREPORT "ptools-perfapi@eecs.utk.edu"
| #define _GNU_SOURCE 1
| #define STDC_HEADERS 1
| #define TIME_WITH_SYS_TIME 1
| #define HAVE_SYS_TYPES_H 1
| #define HAVE_SYS_STAT_H 1
| #define HAVE_STDLIB_H 1
| #define HAVE_STRING_H 1
| #define HAVE_MEMORY_H 1
| #define HAVE_STRINGS_H 1
| #define HAVE_INTTYPES_H 1
| #define HAVE_STDINT_H 1
| #define HAVE_UNISTD_H 1
| #define HAVE_SYS_TIME_H 1
| /* end confdefs.h.  */
| #include <stdio.h>
| #if HAVE_SYS_TYPES_H
| # include <sys/types.h>
| #endif
| #if HAVE_SYS_STAT_H
| # include <sys/stat.h>
| #endif
| #if STDC_HEADERS
| # include <stdlib.h>
| # include <stddef.h>
| #else
| # if HAVE_STDLIB_H
| #  include <stdlib.h>
| # endif
| #endif
| #if HAVE_STRING_H
| # if !STDC_HEADERS && HAVE_MEMORY_H
| #  include <memory.h>
| # endif
| # include <string.h>
| #endif
| #if HAVE_STRINGS_H
| # include <strings.h>
| #endif
| #if HAVE_INTTYPES_H
| # include <inttypes.h>
| #else
| # if HAVE_STDINT_H
| #  include <stdint.h>
| # endif
| #endif
| #if HAVE_UNISTD_H
| # include <unistd.h>
| #endif
| #include <intrinsics.h>
configure:3333: result: no
configure:3337: checking intrinsics.h presence
configure:3347: gcc -E  conftest.c
conftest.c:22:10: fatal error: 'intrinsics.h' file not found
#include <intrinsics.h>
         ^
1 error generated.
configure:3353: $? = 1
configure: failed program was:
| /* confdefs.h.  */
| 
| #define PACKAGE_NAME "PAPI"
| #define PACKAGE_TARNAME "papi"
| #define PACKAGE_VERSION "5.4.1.0"
| #define PACKAGE_STRING "PAPI 5.4.1.0"
| #define PACKAGE_BUGREPORT "ptools-perfapi@eecs.utk.edu"
| #define _GNU_SOURCE 1
| #define STDC_HEADERS 1
| #define TIME_WITH_SYS_TIME 1
| #define HAVE_SYS_TYPES_H 1
| #define HAVE_SYS_STAT_H 1
| #define HAVE_STDLIB_H 1
| #define HAVE_STRING_H 1
| #define HAVE_MEMORY_H 1
| #define HAVE_STRINGS_H 1
| #define HAVE_INTTYPES_H 1
| #define HAVE_STDINT_H 1
| #define HAVE_UNISTD_H 1
| #define HAVE_SYS_TIME_H 1
| /* end confdefs.h.  */
| #include <intrinsics.h>
configure:3373: result: no
configure:3408: checking for intrinsics.h
configure:3415: result: no
configure:3292: checking mach/mach_time.h usability
configure:3304: gcc -c  -g  conftest.c >&5
configure:3310: $? = 0
configure:3314: test -z 
			 || test ! -s conftest.err
configure:3317: $? = 0
configure:3320: test -s conftest.o
configure:3323: $? = 0
configure:3333: result: yes
configure:3337: checking mach/mach_time.h presence
configure:3347: gcc -E  conftest.c
configure:3353: $? = 0
configure:3373: result: yes
configure:3408: checking for mach/mach_time.h
configure:3415: result: yes
configure:3436: checking for gethrtime
configure:3493: gcc -o conftest  -g   conftest.c  >&5
Undefined symbols for architecture x86_64:
  "_gethrtime", referenced from:
      _main in conftest-7b4386.o
      _f in conftest-7b4386.o
ld: symbol(s) not found for architecture x86_64
clang: error: linker command failed with exit code 1 (use -v to see invocation)
configure:3499: $? = 1
configure: failed program was:
| /* confdefs.h.  */
| 
| #define PACKAGE_NAME "PAPI"
| #define PACKAGE_TARNAME "papi"
| #define PACKAGE_VERSION "5.4.1.0"
| #define PACKAGE_STRING "PAPI 5.4.1.0"
| #define PACKAGE_BUGREPORT "ptools-perfapi@eecs.utk.edu"
| #define _GNU_SOURCE 1
| #define STDC_HEADERS 1
| #define TIME_WITH_SYS_TIME 1
| #define HAVE_SYS_TYPES_H 1
| #define HAVE_SYS_STAT_H 1
| #define HAVE_STDLIB_H 1
| #define HAVE_STRING_H 1
| #define HAVE_MEMORY_H 1
| #define HAVE_STRINGS_H 1
| #define HAVE_INTTYPES_H 1
| #define HAVE_STDINT_H 1
| #define HAVE_UNISTD_H 1
| #define HAVE_SYS_TIME_H 1
| #define HAVE_MACH_MACH_TIME_H 1
| /* end confdefs.h.  */
| /* Define gethrtime to an innocuous variant, in case <limits.h> declares gethrtime.
|    For example, HP-UX 11i <limits.h> declares gettimeofday.  */
| #define gethrtime innocuous_gethrtime
| 
| /* System header to define __stub macros and hopefully few prototypes,
|     which can conflict with char gethrtime (); below.
|     Prefer <limits.h> to <assert.h> if __STDC__ is defined, since
|     <limits.h> exists even on freestanding compilers.  */
| 
| #ifdef __STDC__
| # include <limits.h>
| #else
| # include <assert.h>
| #endif
| 
| #undef gethrtime
| 
| /* Override any gcc2 internal prototype to avoid an error.  */
| #ifdef __cplusplus
| extern "C"
| {
| #endif
| /* We use char because int might match the return type of a gcc2
|    builtin and then its argument prototype would still apply.  */
| char gethrtime ();
| /* The GNU C library defines this for functions which it implements
|     to always fail with ENOSYS.  Some functions are actually named
|     something starting with __ and the normal name is an alias.  */
| #if defined (__stub_gethrtime) || defined (__stub___gethrtime)
| choke me
| #else
| char (*f) () = gethrtime;
| #endif
| #ifdef __cplusplus
| }
| #endif
| 
| int
| main ()
| {
| return f != gethrtime;
|   ;
|   return 0;
| }
configure:3524: result: no
configure:3436: checking for read_real_time
configure:3493: gcc -o conftest  -g   conftest.c  >&5
Undefined symbols for architecture x86_64:
  "_read_real_time", referenced from:
      _main in conftest-cfeeb9.o
      _f in conftest-cfeeb9.o
ld: symbol(s) not found for architecture x86_64
clang: error: linker command failed with exit code 1 (use -v to see invocation)
configure:3499: $? = 1
configure: failed program was:
| /* confdefs.h.  */
| 
| #define PACKAGE_NAME "PAPI"
| #define PACKAGE_TARNAME "papi"
| #define PACKAGE_VERSION "5.4.1.0"
| #define PACKAGE_STRING "PAPI 5.4.1.0"
| #define PACKAGE_BUGREPORT "ptools-perfapi@eecs.utk.edu"
| #define _GNU_SOURCE 1
| #define STDC_HEADERS 1
| #define TIME_WITH_SYS_TIME 1
| #define HAVE_SYS_TYPES_H 1
| #define HAVE_SYS_STAT_H 1
| #define HAVE_STDLIB_H 1
| #define HAVE_STRING_H 1
| #define HAVE_MEMORY_H 1
| #define HAVE_STRINGS_H 1
| #define HAVE_INTTYPES_H 1
| #define HAVE_STDINT_H 1
| #define HAVE_UNISTD_H 1
| #define HAVE_SYS_TIME_H 1
| #define HAVE_MACH_MACH_TIME_H 1
| /* end confdefs.h.  */
| /* Define read_real_time to an innocuous variant, in case <limits.h> declares read_real_time.
|    For example, HP-UX 11i <limits.h> declares gettimeofday.  */
| #define read_real_time innocuous_read_real_time
| 
| /* System header to define __stub macros and hopefully few prototypes,
|     which can conflict with char read_real_time (); below.
|     Prefer <limits.h> to <assert.h> if __STDC__ is defined, since
|     <limits.h> exists even on freestanding compilers.  */
| 
| #ifdef __STDC__
| # include <limits.h>
| #else
| # include <assert.h>
| #endif
| 
| #undef read_real_time
| 
| /* Override any gcc2 internal prototype to avoid an error.  */
| #ifdef __cplusplus
| extern "C"
| {
| #endif
| /* We use char because int might match the return type of a gcc2
|    builtin and then its argument prototype would still apply.  */
| char read_real_time ();
| /* The GNU C library defines this for functions which it implements
|     to always fail with ENOSYS.  Some functions are actually named
|     something starting with __ and the normal name is an alias.  */
| #if defined (__stub_read_real_time) || defined (__stub___read_real_time)
| choke me
| #else
| char (*f) () = read_real_time;
| #endif
| #ifdef __cplusplus
| }
| #endif
| 
| int
| main ()
| {
| return f != read_real_time;
|   ;
|   return 0;
| }
configure:3524: result: no
configure:3436: checking for time_base_to_time
configure:3493: gcc -o conftest  -g   conftest.c  >&5
Undefined symbols for architecture x86_64:
  "_time_base_to_time", referenced from:
      _main in conftest-52f9e5.o
      _f in conftest-52f9e5.o
ld: symbol(s) not found for architecture x86_64
clang: error: linker command failed with exit code 1 (use -v to see invocation)
configure:3499: $? = 1
configure: failed program was:
| /* confdefs.h.  */
| 
| #define PACKAGE_NAME "PAPI"
| #define PACKAGE_TARNAME "papi"
| #define PACKAGE_VERSION "5.4.1.0"
| #define PACKAGE_STRING "PAPI 5.4.1.0"
| #define PACKAGE_BUGREPORT "ptools-perfapi@eecs.utk.edu"
| #define _GNU_SOURCE 1
| #define STDC_HEADERS 1
| #define TIME_WITH_SYS_TIME 1
| #define HAVE_SYS_TYPES_H 1
| #define HAVE_SYS_STAT_H 1
| #define HAVE_STDLIB_H 1
| #define HAVE_STRING_H 1
| #define HAVE_MEMORY_H 1
| #define HAVE_STRINGS_H 1
| #define HAVE_INTTYPES_H 1
| #define HAVE_STDINT_H 1
| #define HAVE_UNISTD_H 1
| #define HAVE_SYS_TIME_H 1
| #define HAVE_MACH_MACH_TIME_H 1
| /* end confdefs.h.  */
| /* Define time_base_to_time to an innocuous variant, in case <limits.h> declares time_base_to_time.
|    For example, HP-UX 11i <limits.h> declares gettimeofday.  */
| #define time_base_to_time innocuous_time_base_to_time
| 
| /* System header to define __stub macros and hopefully few prototypes,
|     which can conflict with char time_base_to_time (); below.
|     Prefer <limits.h> to <assert.h> if __STDC__ is defined, since
|     <limits.h> exists even on freestanding compilers.  */
| 
| #ifdef __STDC__
| # include <limits.h>
| #else
| # include <assert.h>
| #endif
| 
| #undef time_base_to_time
| 
| /* Override any gcc2 internal prototype to avoid an error.  */
| #ifdef __cplusplus
| extern "C"
| {
| #endif
| /* We use char because int might match the return type of a gcc2
|    builtin and then its argument prototype would still apply.  */
| char time_base_to_time ();
| /* The GNU C library defines this for functions which it implements
|     to always fail with ENOSYS.  Some functions are actually named
|     something starting with __ and the normal name is an alias.  */
| #if defined (__stub_time_base_to_time) || defined (__stub___time_base_to_time)
| choke me
| #else
| char (*f) () = time_base_to_time;
| #endif
| #ifdef __cplusplus
| }
| #endif
| 
| int
| main ()
| {
| return f != time_base_to_time;
|   ;
|   return 0;
| }
configure:3524: result: no
configure:3436: checking for clock_gettime
configure:3493: gcc -o conftest  -g   conftest.c  >&5
Undefined symbols for architecture x86_64:
  "_clock_gettime", referenced from:
      _main in conftest-b55e00.o
      _f in conftest-b55e00.o
ld: symbol(s) not found for architecture x86_64
clang: error: linker command failed with exit code 1 (use -v to see invocation)
configure:3499: $? = 1
configure: failed program was:
| /* confdefs.h.  */
| 
| #define PACKAGE_NAME "PAPI"
| #define PACKAGE_TARNAME "papi"
| #define PACKAGE_VERSION "5.4.1.0"
| #define PACKAGE_STRING "PAPI 5.4.1.0"
| #define PACKAGE_BUGREPORT "ptools-perfapi@eecs.utk.edu"
| #define _GNU_SOURCE 1
| #define STDC_HEADERS 1
| #define TIME_WITH_SYS_TIME 1
| #define HAVE_SYS_TYPES_H 1
| #define HAVE_SYS_STAT_H 1
| #define HAVE_STDLIB_H 1
| #define HAVE_STRING_H 1
| #define HAVE_MEMORY_H 1
| #define HAVE_STRINGS_H 1
| #define HAVE_INTTYPES_H 1
| #define HAVE_STDINT_H 1
| #define HAVE_UNISTD_H 1
| #define HAVE_SYS_TIME_H 1
| #define HAVE_MACH_MACH_TIME_H 1
| /* end confdefs.h.  */
| /* Define clock_gettime to an innocuous variant, in case <limits.h> declares clock_gettime.
|    For example, HP-UX 11i <limits.h> declares gettimeofday.  */
| #define clock_gettime innocuous_clock_gettime
| 
| /* System header to define __stub macros and hopefully few prototypes,
|     which can conflict with char clock_gettime (); below.
|     Prefer <limits.h> to <assert.h> if __STDC__ is defined, since
|     <limits.h> exists even on freestanding compilers.  */
| 
| #ifdef __STDC__
| # include <limits.h>
| #else
| # include <assert.h>
| #endif
| 
| #undef clock_gettime
| 
| /* Override any gcc2 internal prototype to avoid an error.  */
| #ifdef __cplusplus
| extern "C"
| {
| #endif
| /* We use char because int might match the return type of a gcc2
|    builtin and then its argument prototype would still apply.  */
| char clock_gettime ();
| /* The GNU C library defines this for functions which it implements
|     to always fail with ENOSYS.  Some functions are actually named
|     something starting with __ and the normal name is an alias.  */
| #if defined (__stub_clock_gettime) || defined (__stub___clock_gettime)
| choke me
| #else
| char (*f) () = clock_gettime;
| #endif
| #ifdef __cplusplus
| }
| #endif
| 
| int
| main ()
| {
| return f != clock_gettime;
|   ;
|   return 0;
| }
configure:3524: result: no
configure:3436: checking for mach_absolute_time
configure:3493: gcc -o conftest  -g   conftest.c  >&5
configure:3499: $? = 0
configure:3503: test -z 
			 || test ! -s conftest.err
configure:3506: $? = 0
configure:3509: test -s conftest
configure:3512: $? = 0
configure:3524: result: yes
configure:3540: checking for dlopen and dlerror symbols in base system
configure:3558: gcc -o conftest  -g   conftest.c  >&5
configure:3564: $? = 0
configure:3568: test -z 
			 || test ! -s conftest.err
configure:3571: $? = 0
configure:3574: test -s conftest
configure:3577: $? = 0
configure:3589: result: found
configure:3859: checking for debug build
configure:3880: result: 
configure:3938: checking for CPU type
configure:4291: result: 
configure:4330: checking for ffsll
configure:4387: gcc -o conftest  -g   conftest.c  >&5
configure:4393: $? = 0
configure:4397: test -z 
			 || test ! -s conftest.err
configure:4400: $? = 0
configure:4403: test -s conftest
configure:4406: $? = 0
configure:4418: result: yes
configure:4441: checking for working gettid
configure:4448: gcc -o conftest  -g   conftest.c  >&5
conftest.c:2:17: warning: type specifier missing, defaults to 'int' [-Wimplicit-int]
                main() { pid_t a = gettid(); }
                ^
conftest.c:2:36: warning: implicit declaration of function 'gettid' is invalid in C99 [-Wimplicit-function-declaration]
                main() { pid_t a = gettid(); }
                                   ^
2 warnings generated.
Undefined symbols for architecture x86_64:
  "_gettid", referenced from:
      _main in conftest-ebab41.o
ld: symbol(s) not found for architecture x86_64
clang: error: linker command failed with exit code 1 (use -v to see invocation)
configure:4454: $? = 1
configure: failed program was:
| #include <sys/types.h>
|                 main() { pid_t a = gettid(); }
configure:4480: result: no
configure:4482: checking for working syscall(SYS_gettid)
configure:4490: gcc -o conftest  -g   conftest.c  >&5
conftest.c:3:33: warning: type specifier missing, defaults to 'int' [-Wimplicit-int]
                                main() { pid_t a = syscall(SYS_gettid); }
                                ^
conftest.c:3:52: warning: implicit declaration of function 'syscall' is invalid in C99 [-Wimplicit-function-declaration]
                                main() { pid_t a = syscall(SYS_gettid); }
                                                   ^
2 warnings generated.
configure:4496: $? = 0
configure:4500: test -z 
			 || test ! -s conftest.err
configure:4503: $? = 0
configure:4506: test -s conftest
configure:4509: $? = 0
configure:4511: result: yes
configure:4542: checking for working MMTIMER
configure:4578: gcc -o conftest  -g   conftest.c  >&5
conftest.c:31:35: fatal error: 'linux/mmtimer.h' file not found
                         #include <linux/mmtimer.h>
                                  ^
1 error generated.
configure:4581: $? = 1
configure: program exited with status 1
configure: failed program was:
| /* confdefs.h.  */
| 
| #define PACKAGE_NAME "PAPI"
| #define PACKAGE_TARNAME "papi"
| #define PACKAGE_VERSION "5.4.1.0"
| #define PACKAGE_STRING "PAPI 5.4.1.0"
| #define PACKAGE_BUGREPORT "ptools-perfapi@eecs.utk.edu"
| #define _GNU_SOURCE 1
| #define STDC_HEADERS 1
| #define TIME_WITH_SYS_TIME 1
| #define HAVE_SYS_TYPES_H 1
| #define HAVE_SYS_STAT_H 1
| #define HAVE_STDLIB_H 1
| #define HAVE_STRING_H 1
| #define HAVE_MEMORY_H 1
| #define HAVE_STRINGS_H 1
| #define HAVE_INTTYPES_H 1
| #define HAVE_STDINT_H 1
| #define HAVE_UNISTD_H 1
| #define HAVE_SYS_TIME_H 1
| #define HAVE_MACH_MACH_TIME_H 1
| #define HAVE_MACH_ABSOLUTE_TIME 1
| #define CPU 
| #define HAVE_SYSCALL_GETTID 1
| /* end confdefs.h.  */
| #include <unistd.h>
|                          #include <fcntl.h>
|                          #include <errno.h>
|                          #include <stdlib.h>
|                          #include <sys/ioctl.h>
|                          #include <linux/mmtimer.h>
|                          #ifndef MMTIMER_FULLNAME
|                          #define MMTIMER_FULLNAME "/dev/mmtimer"
|                          #endif
|                          int main() {
|                            int offset;
|                            int fd;
|                            if((fd = open(MMTIMER_FULLNAME, O_RDONLY)) == -1)
|                              exit(1);
|                            if ((offset = ioctl(fd, MMTIMER_GETOFFSET, 0)) < 0)
|                              exit(1);
|                            close(fd);
|                            exit(0);
|                          }
configure:4597: result: no
configure:4599: checking for working CLOCK_REALTIME_HR POSIX 1b timer
configure:4633: gcc -o conftest  -g   conftest.c  >&5
conftest.c:30:47: fatal error: 'syscall.h' file not found
                                     #include <syscall.h>
                                              ^
1 error generated.
configure:4636: $? = 1
configure: program exited with status 1
configure: failed program was:
| /* confdefs.h.  */
| 
| #define PACKAGE_NAME "PAPI"
| #define PACKAGE_TARNAME "papi"
| #define PACKAGE_VERSION "5.4.1.0"
| #define PACKAGE_STRING "PAPI 5.4.1.0"
| #define PACKAGE_BUGREPORT "ptools-perfapi@eecs.utk.edu"
| #define _GNU_SOURCE 1
| #define STDC_HEADERS 1
| #define TIME_WITH_SYS_TIME 1
| #define HAVE_SYS_TYPES_H 1
| #define HAVE_SYS_STAT_H 1
| #define HAVE_STDLIB_H 1
| #define HAVE_STRING_H 1
| #define HAVE_MEMORY_H 1
| #define HAVE_STRINGS_H 1
| #define HAVE_INTTYPES_H 1
| #define HAVE_STDINT_H 1
| #define HAVE_UNISTD_H 1
| #define HAVE_SYS_TIME_H 1
| #define HAVE_MACH_MACH_TIME_H 1
| #define HAVE_MACH_ABSOLUTE_TIME 1
| #define CPU 
| #define HAVE_SYSCALL_GETTID 1
| /* end confdefs.h.  */
| #include <unistd.h>
|                                      #include <stdlib.h>
|                                      #include <stdio.h>
|                                      #include <time.h>
|                                      #include <syscall.h>
|                                      main() {
|                                        struct timespec t1, t2;
|                                        double seconds;
|                                        if (syscall(__NR_clock_gettime,CLOCK_REALTIME_HR,&t1) == -1) exit(1);
|                                          sleep(1);
|                                        if (syscall(__NR_clock_gettime,CLOCK_REALTIME_HR,&t2) == -1) exit(1);
|                                          seconds = ((double)t2.tv_sec + (double)t2.tv_nsec/1000000000.0) - ((double)t1.tv_sec + (double)t1.tv_nsec/1000000000.0);
|                                        if (seconds > 1.0)
|                                          exit(0);
|                                        else
|                                          exit(1);
|                                      }
configure:4652: result: no
configure:4654: checking for working CLOCK_REALTIME POSIX 1b timer
configure:4688: gcc -o conftest  -g   conftest.c  >&5
conftest.c:30:59: fatal error: 'syscall.h' file not found
                                                 #include <syscall.h>
                                                          ^
1 error generated.
configure:4691: $? = 1
configure: program exited with status 1
configure: failed program was:
| /* confdefs.h.  */
| 
| #define PACKAGE_NAME "PAPI"
| #define PACKAGE_TARNAME "papi"
| #define PACKAGE_VERSION "5.4.1.0"
| #define PACKAGE_STRING "PAPI 5.4.1.0"
| #define PACKAGE_BUGREPORT "ptools-perfapi@eecs.utk.edu"
| #define _GNU_SOURCE 1
| #define STDC_HEADERS 1
| #define TIME_WITH_SYS_TIME 1
| #define HAVE_SYS_TYPES_H 1
| #define HAVE_SYS_STAT_H 1
| #define HAVE_STDLIB_H 1
| #define HAVE_STRING_H 1
| #define HAVE_MEMORY_H 1
| #define HAVE_STRINGS_H 1
| #define HAVE_INTTYPES_H 1
| #define HAVE_STDINT_H 1
| #define HAVE_UNISTD_H 1
| #define HAVE_SYS_TIME_H 1
| #define HAVE_MACH_MACH_TIME_H 1
| #define HAVE_MACH_ABSOLUTE_TIME 1
| #define CPU 
| #define HAVE_SYSCALL_GETTID 1
| /* end confdefs.h.  */
| #include <unistd.h>
|                                                  #include <stdlib.h>
|                                                  #include <stdio.h>
|                                                  #include <time.h>
|                                                  #include <syscall.h>
|                                                  main() {
|                                                    struct timespec t1, t2;
|                                                    double seconds;
|                                                    if (syscall(__NR_clock_gettime,CLOCK_REALTIME,&t1) == -1) exit(1);
|                                                      sleep(1);
|                                                    if (syscall(__NR_clock_gettime,CLOCK_REALTIME,&t2) == -1) exit(1);
|                                                      seconds = ((double)t2.tv_sec + (double)t2.tv_nsec/1000000000.0) - ((double)t1.tv_sec + (double)t1.tv_nsec/1000000000.0);
|                                                    if (seconds > 1.0)
|                                                      exit(0);
|                                                    else
|                                                      exit(1);
|                                                  }
configure:4708: result: no
configure:4720: checking for real time clock or cycle counter
configure:4787: checking for working __thread
configure:4826: gcc -o conftest -pthread   conftest.c  >&5
conftest.c:43:57: warning: incompatible pointer types passing 'void (void *)' to parameter of type 'void *(*)(void *)' [-Wincompatible-pointer-types]
                             pthread_create (&t1, NULL, thread_main, (void *)1);
                                                        ^~~~~~~~~~~
/Applications/Xcode.app/Contents/Developer/Platforms/MacOSX.platform/Developer/SDKs/MacOSX10.11.sdk/usr/include/pthread.h:313:11: note: passing argument to parameter here
                void *(*)(void *), void * __restrict);
                        ^
conftest.c:44:57: warning: incompatible pointer types passing 'void (void *)' to parameter of type 'void *(*)(void *)' [-Wincompatible-pointer-types]
                             pthread_create (&t2, NULL, thread_main, (void *)2);
                                                        ^~~~~~~~~~~
/Applications/Xcode.app/Contents/Developer/Platforms/MacOSX.platform/Developer/SDKs/MacOSX10.11.sdk/usr/include/pthread.h:313:11: note: passing argument to parameter here
                void *(*)(void *), void * __restrict);
                        ^
2 warnings generated.
configure:4829: $? = 0
configure:4831: ./conftest
configure:4834: $? = 0
configure:4836: result: yes
configure:4868: checking for high performance thread local storage
configure:4883: result: __thread
configure:4897: checking for working CLOCK_THREAD_CPUTIME_ID POSIX 1b timer
configure:4974: gcc -o conftest -pthread   conftest.c  >&5
conftest.c:36:37: fatal error: 'syscall.h' file not found
                           #include <syscall.h>
                                    ^
1 error generated.
configure:4977: $? = 1
configure: program exited with status 1
configure: failed program was:
| /* confdefs.h.  */
| 
| #define PACKAGE_NAME "PAPI"
| #define PACKAGE_TARNAME "papi"
| #define PACKAGE_VERSION "5.4.1.0"
| #define PACKAGE_STRING "PAPI 5.4.1.0"
| #define PACKAGE_BUGREPORT "ptools-perfapi@eecs.utk.edu"
| #define _GNU_SOURCE 1
| #define STDC_HEADERS 1
| #define TIME_WITH_SYS_TIME 1
| #define HAVE_SYS_TYPES_H 1
| #define HAVE_SYS_STAT_H 1
| #define HAVE_STDLIB_H 1
| #define HAVE_STRING_H 1
| #define HAVE_MEMORY_H 1
| #define HAVE_STRINGS_H 1
| #define HAVE_INTTYPES_H 1
| #define HAVE_STDINT_H 1
| #define HAVE_UNISTD_H 1
| #define HAVE_SYS_TIME_H 1
| #define HAVE_MACH_MACH_TIME_H 1
| #define HAVE_MACH_ABSOLUTE_TIME 1
| #define CPU 
| #define HAVE_SYSCALL_GETTID 1
| #define HAVE_CYCLE 1
| #define HAVE_THREAD_LOCAL_STORAGE __thread
| /* end confdefs.h.  */
| #include <pthread.h>
|                            #include <sys/signal.h>
|                            #include <sys/times.h>
|                            #include <assert.h>
|                            #include <stdio.h>
|                            #include <sys/types.h>
|                            #include <unistd.h>
|                            #include <sys/unistd.h>
|                            #include <syscall.h>
|                            #include <stdlib.h>
|                            #if !defined( SYS_gettid )
|                            #define SYS_gettid 1105
|                            #endif
|                            struct timespec threadone = { 0, 0 };
|                            struct timespec threadtwo = { 0, 0 };
|                            pthread_t threadOne, threadTwo;
|                            volatile int done = 0;
| 
|                            int gettid() {
|                              return syscall( SYS_gettid );
|                            }
| 
|                            void *doThreadOne( void * v ) {
|                              while (!done)
| 	                           sleep(1);
|                              if (syscall(__NR_clock_gettime,CLOCK_THREAD_CPUTIME_ID,&threadone) == -1) {
|                                perror("clock_gettime(CLOCK_THREAD_CPUTIME_ID)");
|                                exit(1);
|                              }
|                              return 0;
|                            }
| 
|                            void *doThreadTwo( void * v ) {
|                              long i, j = 0xdeadbeef;
|                              for( i = 0; i < 0xFFFFFFF; ++i ) { j = j ^ i; }
| 
|                              if (syscall(__NR_clock_gettime,CLOCK_THREAD_CPUTIME_ID,&threadtwo) == -1) {
|                                perror("clock_gettime(CLOCK_THREAD_CPUTIME_ID)");
|                                exit(1);
|                              }
|                              done = 1;
| 	                         return j;
|                            }
| 
|                            int main( int argc, char ** argv ) {
|                              int status = pthread_create( & threadOne, NULL, doThreadOne, NULL );
|                              assert( status == 0 );
|                              status = pthread_create( & threadTwo, NULL, doThreadTwo, NULL );
|                              assert( status == 0 );
|                              status = pthread_join( threadTwo, NULL );
|                              assert( status == 0 );
|                              status = pthread_join( threadOne, NULL );
|                              assert( status == 0 );
|                              if ((threadone.tv_sec != threadtwo.tv_sec) || (threadone.tv_nsec != threadtwo.tv_nsec))
|                                exit(0);
|                              else {
|                                fprintf(stderr,"T1 %ld %ld T2 %ld %ld\n",threadone.tv_sec,threadone.tv_nsec,threadtwo.tv_sec,threadtwo.tv_nsec);
| 	                           exit(1);
|                              }
|                            }
configure:4993: result: no
configure:4996: checking for working per-thread times() timer
configure:5065: gcc -o conftest -pthread   conftest.c  >&5
conftest.c:36:49: fatal error: 'syscall.h' file not found
                                       #include <syscall.h>
                                                ^
1 error generated.
configure:5068: $? = 1
configure: program exited with status 1
configure: failed program was:
| /* confdefs.h.  */
| 
| #define PACKAGE_NAME "PAPI"
| #define PACKAGE_TARNAME "papi"
| #define PACKAGE_VERSION "5.4.1.0"
| #define PACKAGE_STRING "PAPI 5.4.1.0"
| #define PACKAGE_BUGREPORT "ptools-perfapi@eecs.utk.edu"
| #define _GNU_SOURCE 1
| #define STDC_HEADERS 1
| #define TIME_WITH_SYS_TIME 1
| #define HAVE_SYS_TYPES_H 1
| #define HAVE_SYS_STAT_H 1
| #define HAVE_STDLIB_H 1
| #define HAVE_STRING_H 1
| #define HAVE_MEMORY_H 1
| #define HAVE_STRINGS_H 1
| #define HAVE_INTTYPES_H 1
| #define HAVE_STDINT_H 1
| #define HAVE_UNISTD_H 1
| #define HAVE_SYS_TIME_H 1
| #define HAVE_MACH_MACH_TIME_H 1
| #define HAVE_MACH_ABSOLUTE_TIME 1
| #define CPU 
| #define HAVE_SYSCALL_GETTID 1
| #define HAVE_CYCLE 1
| #define HAVE_THREAD_LOCAL_STORAGE __thread
| /* end confdefs.h.  */
| #include <pthread.h>
|                                        #include <sys/signal.h>
|                                        #include <sys/times.h>
|                                        #include <assert.h>
|                                        #include <stdio.h>
|                                        #include <sys/types.h>
|                                        #include <unistd.h>
|                                        #include <sys/unistd.h>
|                                        #include <syscall.h>
|                                        #include <stdlib.h>
|                                        #if !defined( SYS_gettid )
|                                        #define SYS_gettid 1105
|                                        #endif
|                                        long threadone = 0, threadtwo = 0;
|                                        pthread_t threadOne, threadTwo;
|                                        volatile int done = 0;
| 
|                                        int gettid() {
|                                          return syscall( SYS_gettid );
|                                        }
|                                        int doThreadOne( void * v ) {
|                                          struct tms tm;
|                                          int status;
|                                          while (!done)
| 	                                       sleep(1);
|                                          status = times( & tm );
|                                          assert( status != -1 );
|                                          threadone = tm.tms_utime;
|                                          return 0;
|                                        }
|                                        int doThreadTwo( void * v ) {
|                                          struct tms tm;
|                                          long i, j = 0xdeadbeef;
|                                          int status;
|                                          for( i = 0; i < 0xFFFFFFF; ++i ) { j = j ^ i; }
|                                          status = times( & tm );
|                                          assert( status != -1 );
|                                          threadtwo = tm.tms_utime;
|                                          done = 1;
| 	                                     return j;
|                                        }
|                                        int main( int argc, char ** argv ) {
|                                          int status = pthread_create( & threadOne, NULL, doThreadOne, NULL );
|                                          assert( status == 0 );
|                                          status = pthread_create( & threadTwo, NULL, doThreadTwo, NULL );
|                                          assert( status == 0 );
|                                          status = pthread_join( threadTwo, NULL );
|                                          assert( status == 0 );
|                                          status = pthread_join( threadOne, NULL );
|                                          assert( status == 0 );
| 	                                     return (threadone == threadtwo);
|                                        }
configure:5084: result: no
configure:5098: checking for thread virtual clock or cycle counter
configure:5131: result: default
configure:5306: checking for which libraries to build
configure:5335: result: shared static
configure:5339: checking for link test cases with shared library
configure:5370: result: 
configure:5398: checking for /sys/class/perfctr
configure:5413: result: no
configure:5418: checking for /dev/perfctr
configure:5433: result: no
configure:5824: checking for /sys/kernel/perfmon/version
configure:5839: result: no
configure:5844: checking for /proc/perfmon
configure:5859: result: no
configure:5969: checking for /proc/sys/kernel/perf_event_paranoid
configure:5984: result: no
configure:6917: checking platform
configure:7118: result: darwin
configure:7526: checking for components to build
configure:7635: result: 
configure:7742: Compiling genpapifdef with gcc
configure:7747: Generating fpapi.h
configure:7750: Generating f77papi.h
configure:7753: Generating f90papi.h
configure:7757: Makefile.inc will be included in the generated Makefile
configure:7858: creating ./config.status

## ---------------------- ##
## Running config.status. ##
## ---------------------- ##

This file was extended by PAPI config.status 5.4.1.0, which was
generated by GNU Autoconf 2.59.  Invocation command line was

  CONFIG_FILES    = 
  CONFIG_HEADERS  = 
  CONFIG_LINKS    = 
  CONFIG_COMMANDS = 
  $ ./config.status 

on Yings-MacBook-Pro-3.local

config.status:729: creating Makefile
config.status:729: creating papi.pc
config.status:729: creating components/Makefile_comp_tests.target
config.status:729: creating testlib/Makefile.target
config.status:729: creating ctests/Makefile.target
config.status:729: creating ftests/Makefile.target
config.status:832: creating config.h

## ---------------- ##
## Cache variables. ##
## ---------------- ##

ac_cv_c_compiler_gnu=yes
ac_cv_c_inline=inline
ac_cv_env_CC_set=
ac_cv_env_CC_value=
ac_cv_env_CFLAGS_set=
ac_cv_env_CFLAGS_value=
ac_cv_env_CPPFLAGS_set=
ac_cv_env_CPPFLAGS_value=
ac_cv_env_CPP_set=
ac_cv_env_CPP_value=
ac_cv_env_F77_set=
ac_cv_env_F77_value=
ac_cv_env_FFLAGS_set=
ac_cv_env_FFLAGS_value=
ac_cv_env_LDFLAGS_set=
ac_cv_env_LDFLAGS_value=
ac_cv_env_build_alias_set=
ac_cv_env_build_alias_value=
ac_cv_env_host_alias_set=
ac_cv_env_host_alias_value=
ac_cv_env_target_alias_set=
ac_cv_env_target_alias_value=
ac_cv_exeext=
ac_cv_f77_compiler_gnu=yes
ac_cv_file__dev_perfctr=no
ac_cv_file__proc_perfmon=no
ac_cv_file__proc_sys_kernel_perf_event_paranoid=no
ac_cv_file__sys_class_perfctr=no
ac_cv_file__sys_kernel_perfmon_version=no
ac_cv_func_clock_gettime=no
ac_cv_func_ffsll=yes
ac_cv_func_gethrtime=no
ac_cv_func_mach_absolute_time=yes
ac_cv_func_read_real_time=no
ac_cv_func_time_base_to_time=no
ac_cv_header_c_asm_h=no
ac_cv_header_intrinsics_h=no
ac_cv_header_inttypes_h=yes
ac_cv_header_mach_mach_time_h=yes
ac_cv_header_memory_h=yes
ac_cv_header_stdc=yes
ac_cv_header_stdint_h=yes
ac_cv_header_stdlib_h=yes
ac_cv_header_string_h=yes
ac_cv_header_strings_h=yes
ac_cv_header_sys_stat_h=yes
ac_cv_header_sys_time_h=yes
ac_cv_header_sys_types_h=yes
ac_cv_header_time=yes
ac_cv_header_unistd_h=yes
ac_cv_objext=o
ac_cv_prog_AWK=awk
ac_cv_prog_CPP='gcc -E'
ac_cv_prog_ac_ct_CC=gcc
ac_cv_prog_ac_ct_F77=gfortran
ac_cv_prog_ac_ct_RANLIB=ranlib
ac_cv_prog_cc_g=yes
ac_cv_prog_cc_stdc=
ac_cv_prog_egrep='grep -E'
ac_cv_prog_f77_g=yes
ac_cv_prog_make_make_set=yes

## ----------------- ##
## Output variables. ##
## ----------------- ##

AR='ar'
ARCH_EVENTS=''
ARG64=''
AWK='awk'
BGPM_INSTALL_DIR=''
BGP_SYSDIR=''
BITFLAGS=''
CC='gcc'
CC_COMMON_NAME='unknown'
CC_R='$(CC) -pthread'
CC_SHR='$(CC) -fPIC -DPIC -shared -Wl,-dylib -Xlinker "-rpath" -Xlinker "$(LIBDIR)"'
CFLAGS='-DNEED_FFSLL'
COMPONENTS=''
COMPONENT_RULES='components/Rules.components'
CPP='gcc -E'
CPPFLAGS=''
CPU=''
CPUCOMPONENT_C=''
CPUCOMPONENT_NAME='darwin'
CPUCOMPONENT_OBJ=''
CPU_MODEL=''
CTEST_TARGETS='all'
DEBUGFLAGS='-DPAPI_NO_MEMORY_MANAGEMENT'
DEFS='-DHAVE_CONFIG_H'
DESCR='Darwin'
ECHO_C='ECHO_N=''
ECHO_T=''
EGREP='grep -E'
EXEEXT=''
EXTRA_CFLAGS=''
F77='gfortran'
FFLAGS='  -Dlinux -Wall -ffixed-line-length-132'
FILENAME='Makefile.inc'
FLAGS=''
FTEST_TARGETS='all'
HAVE_NO_OVERRIDE_INIT=''
LDFLAGS=''
LDL=''
LIBOBJS=''
LIBRARY='libpapi.a'
LIBS=''
LINKLIB='$(LIBRARY)'
LN_S='ln -s'
LTLIBOBJS=''
MAKEVER='darwin'
MIC='no'
MISCHDRS=''
MISCOBJS='$(MISCSRCS:.c=.o)'
MISCSRCS=' x86_cpuid_info.c'
MPICC=''
NOOPT=''
NOTLS='-DUSE_COMPILER_TLS'
OBJEXT='o'
OMPCFLGS='-fopenmp'
OPTFLAGS='-O2 -DPAPI_NO_MEMORY_MANAGEMENT'
OS='darwin'
OSCONTEXT='darwin-context.h'
OSFILESHDR='darwin-memory.h darwin-common.h'
OSFILESOBJ='$(OSFILESSRC:.c=.o)'
OSFILESSRC='darwin-memory.c darwin-common.c'
OSLOCK='darwin-lock.h'
PACKAGE_BUGREPORT='ptools-perfapi@eecs.utk.edu'
PACKAGE_NAME='PAPI'
PACKAGE_STRING='PAPI 5.4.1.0'
PACKAGE_TARNAME='papi'
PACKAGE_VERSION='5.4.1.0'
PAPI_EVENTS_CSV='papi_events.csv'
PATH_SEPARATOR=':'
PMAPI=''
PMINIT=''
POST_BUILD=''
RANLIB='ranlib'
SETPATH=''
SET_MAKE=''
SHELL='/bin/sh'
SHLIB='libpapi.dylib'
SHLIBDEPS=''
SHOW_CONF='showconf'
SMPCFLGS=''
STATIC=''
TESTS=''
TOPTFLAGS='-O0'
UTIL_TARGETS='papi_avail papi_mem_info papi_cost papi_clockres papi_native_avail papi_command_line papi_event_chooser papi_decode papi_xml_event_info papi_version papi_multiplex_cost papi_component_avail papi_error_codes'
VERSION=''
ac_ct_CC='gcc'
ac_ct_F77='gfortran'
ac_ct_RANLIB='ranlib'
altix=''
arch='x86_64'
bindir='${exec_prefix}/bin'
build_alias=''
cpu_option=''
datadir='${prefix}/share'
datarootdir=''
docdir=''
exec_prefix='${prefix}'
host_alias=''
includedir='${prefix}/include'
infodir='${prefix}/info'
libdir='${exec_prefix}/lib'
libexecdir='${exec_prefix}/libexec'
localstatedir='${prefix}/var'
mandir='${prefix}/man'
old_pfmv2='n'
oldincludedir='/usr/include'
papiLIBS='shared static'
papi_events='static'
papi_events_table='papi_events_table.h'
perfctr_incdir=''
perfctr_libdir=''
perfctr_prefix=''
perfctr_root=''
pfm_incdir='libpfm4/include'
pfm_libdir=''
pfm_prefix=''
pfm_root=''
prefix='/usr/local'
program_transform_name='s,x,x,'
sbindir='${exec_prefix}/sbin'
sharedstatedir='${prefix}/com'
sysconfdir='${prefix}/etc'
target_alias=''
tests='ctests ftests comp_tests'

## ----------- ##
## confdefs.h. ##
## ----------- ##

#define CPU 
#define HAVE_CYCLE 1
#define HAVE_INTTYPES_H 1
#define HAVE_MACH_ABSOLUTE_TIME 1
#define HAVE_MACH_MACH_TIME_H 1
#define HAVE_MEMORY_H 1
#define HAVE_STDINT_H 1
#define HAVE_STDLIB_H 1
#define HAVE_STRINGS_H 1
#define HAVE_STRING_H 1
#define HAVE_SYSCALL_GETTID 1
#define HAVE_SYS_STAT_H 1
#define HAVE_SYS_TIME_H 1
#define HAVE_SYS_TYPES_H 1
#define HAVE_THREAD_LOCAL_STORAGE __thread
#define HAVE_UNISTD_H 1
#define PACKAGE_BUGREPORT "ptools-perfapi@eecs.utk.edu"
#define PACKAGE_NAME "PAPI"
#define PACKAGE_STRING "PAPI 5.4.1.0"
#define PACKAGE_TARNAME "papi"
#define PACKAGE_VERSION "5.4.1.0"
#define STDC_HEADERS 1
#define TIME_WITH_SYS_TIME 1
#define USE_PERFCTR_PTTIMER 1
#define USE_PROC_PTTIMER 1
#define _GNU_SOURCE 1

configure: exit 0
